d:\workspace\visual studio\desalgorithm\desalgorithm\release\desalgorithm.pch
d:\workspace\visual studio\desalgorithm\desalgorithm\release\vc140.pdb
d:\workspace\visual studio\desalgorithm\desalgorithm\release\stdafx.obj
d:\workspace\visual studio\desalgorithm\desalgorithm\release\desclass.obj
d:\workspace\visual studio\desalgorithm\desalgorithm\release\desalgorithmdlg.obj
d:\workspace\visual studio\desalgorithm\desalgorithm\release\desalgorithm.obj
d:\workspace\visual studio\desalgorithm\release\desalgorithm.exe
d:\workspace\visual studio\desalgorithm\release\desalgorithm.ipdb
d:\workspace\visual studio\desalgorithm\release\desalgorithm.iobj
d:\workspace\visual studio\desalgorithm\release\desalgorithm.pdb
d:\workspace\visual studio\desalgorithm\desalgorithm\release\desalgorithm.res
d:\workspace\visual studio\desalgorithm\desalgorithm\release\desalgorithm.tlog\cl.command.1.tlog
d:\workspace\visual studio\desalgorithm\desalgorithm\release\desalgorithm.tlog\cl.read.1.tlog
d:\workspace\visual studio\desalgorithm\desalgorithm\release\desalgorithm.tlog\cl.write.1.tlog
d:\workspace\visual studio\desalgorithm\desalgorithm\release\desalgorithm.tlog\link.command.1.tlog
d:\workspace\visual studio\desalgorithm\desalgorithm\release\desalgorithm.tlog\link.read.1.tlog
d:\workspace\visual studio\desalgorithm\desalgorithm\release\desalgorithm.tlog\link.write.1.tlog
d:\workspace\visual studio\desalgorithm\desalgorithm\release\desalgorithm.tlog\rc.command.1.tlog
d:\workspace\visual studio\desalgorithm\desalgorithm\release\desalgorithm.tlog\rc.read.1.tlog
d:\workspace\visual studio\desalgorithm\desalgorithm\release\desalgorithm.tlog\rc.write.1.tlog
